[0m23:56:42.249070 [debug] [MainThread]: Sending event: {'category': 'dbt', 'action': 'invocation', 'label': 'start', 'context': [<snowplow_tracker.self_describing_json.SelfDescribingJson object at 0x000001FDED0BD880>, <snowplow_tracker.self_describing_json.SelfDescribingJson object at 0x000001FDED15FBC0>, <snowplow_tracker.self_describing_json.SelfDescribingJson object at 0x000001FDED15E2D0>]}


============================== 23:56:42.269082 | 236ad767-3ad0-4eae-b759-4a3f31899f0b ==============================
[0m23:56:42.269082 [info ] [MainThread]: Running with dbt=1.9.2
[0m23:56:42.269765 [debug] [MainThread]: running dbt with arguments {'printer_width': '80', 'indirect_selection': 'eager', 'log_cache_events': 'False', 'write_json': 'True', 'partial_parse': 'True', 'cache_selected_only': 'False', 'profiles_dir': 'C:\\Users\\82163\\.dbt', 'version_check': 'True', 'debug': 'False', 'log_path': 'logs', 'warn_error': 'None', 'fail_fast': 'False', 'use_colors': 'True', 'use_experimental_parser': 'False', 'no_print': 'None', 'quiet': 'False', 'empty': 'None', 'log_format': 'default', 'static_parser': 'True', 'warn_error_options': 'WarnErrorOptions(include=[], exclude=[])', 'introspect': 'True', 'target_path': 'None', 'invocation_command': 'dbt init financial_data_model', 'send_anonymous_usage_stats': 'True'}
[0m23:56:42.299720 [warn ] [MainThread]: [ConfigFolderDirectory]: Unable to parse logging event dictionary. Failed to parse dir field: expected string or bytes-like object, got 'WindowsPath'.. Dictionary: {'dir': WindowsPath('C:/Users/82163/.dbt')}
[0m23:56:42.300721 [info ] [MainThread]: Creating dbt configuration folder at 
[0m23:56:42.301592 [debug] [MainThread]: Starter project path: D:\anaconda3\envs\stock_data_env\Lib\site-packages\dbt\include\starter_project
[0m23:56:42.315429 [info ] [MainThread]: 
Your new dbt project "financial_data_model" was created!

For more information on how to configure the profiles.yml file,
please consult the dbt documentation here:

  https://docs.getdbt.com/docs/configure-your-profile

One more thing:

Need help? Don't hesitate to reach out to us via GitHub issues or on Slack:

  https://community.getdbt.com/

Happy modeling!

[0m23:56:42.322156 [info ] [MainThread]: Setting up your profile.
[0m00:01:38.404480 [debug] [MainThread]: Redshift adapter: Setting redshift_connector to ERROR
[0m00:01:38.404480 [debug] [MainThread]: Redshift adapter: Setting redshift_connector.core to ERROR
[0m00:04:47.592309 [info ] [MainThread]: Profile financial_data_model written to C:\Users\82163\.dbt\profiles.yml using target's profile_template.yml and your supplied values. Run 'dbt debug' to validate the connection.
[0m00:04:47.592309 [debug] [MainThread]: Command `dbt init` succeeded at 00:04:47.592309 after 485.55 seconds
[0m00:04:47.592309 [debug] [MainThread]: Sending event: {'category': 'dbt', 'action': 'invocation', 'label': 'end', 'context': [<snowplow_tracker.self_describing_json.SelfDescribingJson object at 0x000001FDED5409E0>, <snowplow_tracker.self_describing_json.SelfDescribingJson object at 0x000001FDEDE1EC00>, <snowplow_tracker.self_describing_json.SelfDescribingJson object at 0x000001FDED59BEC0>]}
[0m00:04:47.608004 [debug] [MainThread]: Flushing usage events
[0m00:04:48.092490 [debug] [MainThread]: An error was encountered while trying to flush usage events
